100
(0.5, 0.29, 359.6647372096129, (7, 14), 'fitted-scaled', 'econ-scaled', 'oct21-scaled', 0.1, 18599515.0, 0.05, 2, 'age_group_gradient')
Total Population is: 1227.820999439713
The value of T is: 104
90
Total Reward at the start of the inner iterations: 54398793.03852288
Using license file /share/software/user/restricted/gurobi/9.0.3_py36/licenses/gurobi.lic
Set parameter TokenServer to value license4.stanford.edu
Gurobi status: 2

Statistics for model Linearization Heuristic :
  Linear constraint matrix    : 17772 Constrs, 9360 Vars, 8612711 NZs
  Matrix coefficient range    : [ 1.0001e-13, 1 ]
  Objective coefficient range : [ 1.6129e-20, 2.3828e+07 ]
  Variable bound range        : [ 0.05, 57.946 ]
  RHS coefficient range       : [ 4.08705e-08, 359.665 ]
Traceback (most recent call last):
  File "run_linearization_heuristic_targetting_value.py", line 869, in <module>
    main()
  File "run_linearization_heuristic_targetting_value.py", line 141, in main
    run_lin_heur_and_save_yaml(delta, xi, icus, mtests, atests, n_days, region, test_freq, lockdown_freq, econ, init, eta, groups, start_day, trust_region_radius, max_inner_iterations_mult, initial_uhat, optimize_bouncing, scaling, money_scaling, targetActivities, targetGroups, targetTests)
  File "run_linearization_heuristic_targetting_value.py", line 180, in run_lin_heur_and_save_yaml
    dynModel = run_linearization_heuristic(simulation_params, experiment_params, start_day, trust_region_radius, max_inner_iterations_mult, initial_uhat, optimize_bouncing, targetActivities, targetGroups, targetTests)
  File "run_linearization_heuristic_targetting_value.py", line 322, in run_linearization_heuristic
    linearization.run_heuristic_linearization(dynModel, trust_region_radius, max_inner_iterations_mult, initial_uhat, optimize_bouncing, targetActivities, targetGroups, targetTests)
  File "/home/groups/daniancu/covid-optimization/covid-optimization/heuristics/linearization.py", line 1898, in run_heuristic_linearization
    assert(False)
AssertionError
srun: error: sh02-01n26: task 0: Exited with exit code 1
srun: launch/slurm: _step_signal: Terminating StepId=15344432.0
