{'groups': 'all', 'params_to_try': {'delta_schooling': [0.5], 'xi': [0, 371990.3, 929975.75, 1859951.5, 3719903, 5579854.5], 'icus': [2900], 'tests': [[60000, 0]], 'testing': ['homogeneous'], 'eta': [0.1]}}
{'groups': 'all', 'params_to_try': {'delta_schooling': [0.5], 'xi': [0, 371990.3, 929975.75, 1859951.5, 3719903, 5579854.5], 'icus': [2900], 'tests': [[60000, 0]], 'testing': ['homogeneous'], 'eta': [0.1]}}
{'groups': 'all', 'params_to_try': {'delta_schooling': [0.5], 'icus': [2900], 'eta': [0.1], 'tests': [[0, 0]], 'xi': [1301966.05], 'testing': ['homogeneous']}}
results/time_gradient/xi-1301966_icus-2900_testing-homogeneous_natests-0_nmtests-0_T-90_startday-0_groups-all_dschool-0.500000_eta-0.100000_freq-90-14.yaml
{'groups': 'all', 'params_to_try': {'delta_schooling': [0.5], 'xi': [0, 371990.3, 929975.75, 1859951.5, 3719903, 5579854.5], 'icus': [2900], 'tests': [[60000, 0]], 'testing': ['homogeneous'], 'eta': [0.1]}}
{'groups': 'all', 'params_to_try': {'delta_schooling': [0.5], 'xi': [0, 371990.3, 929975.75, 1859951.5, 3719903, 5579854.5], 'icus': [2900], 'tests': [[60000, 0]], 'testing': ['homogeneous'], 'eta': [0.1]}}
{'groups': 'all', 'params_to_try': {'delta_schooling': [0.5], 'icus': [2900], 'eta': [0.1], 'tests': [[0, 0]], 'xi': [1301966.05], 'testing': ['homogeneous']}}
Traceback (most recent call last):
  File "age_group_gradient_benchmarks.py", line 351, in <module>
    result_gradient = gradient_descent(experiment_params, 14, plot=True)
  File "age_group_gradient_benchmarks.py", line 203, in gradient_descent
    initial_alphas = yaml.load(file, Loader=yaml.FullLoader)["policy"]
TypeError: 'NoneType' object is not subscriptable
120
(0.5, 0.29, 0.0, (7, 14), 'fitted-scaled', 'econ-scaled', 'oct21-scaled', 0.1, 13019660.5, 0.05, 2, 'age_group_gradient')
Total Population is: 1227.820999439713
The value of T is: 104
Missing starting point -- Running the initial heuristic.
/home/groups/daniancu/covid-optimization/covid-optimization
Traceback (most recent call last):
  File "/home/groups/daniancu/covid-optimization/covid-optimization/heuristics/linearization.py", line 1398, in run_heuristic_linearization
    with open("benchmarks/results/%s/%s"%(h,n)) as file:
FileNotFoundError: [Errno 2] No such file or directory: 'benchmarks/results/age_group_gradient/xi-1301966_icus-2900_testing-homogeneous_natests-0_nmtests-0_T-90_startday-0_groups-all_dschool-0.500000_eta-0.100000_freq-90-14.yaml'

During handling of the above exception, another exception occurred:

Traceback (most recent call last):
  File "run_linearization_heuristic_targetting_value.py", line 870, in <module>
    main()
  File "run_linearization_heuristic_targetting_value.py", line 142, in main
    run_lin_heur_and_save_yaml(delta, xi, icus, mtests, atests, n_days, region, test_freq, lockdown_freq, econ, init, eta, groups, start_day, trust_region_radius, max_inner_iterations_mult, initial_uhat, optimize_bouncing, scaling, money_scaling, targetActivities, targetGroups, targetTests)
  File "run_linearization_heuristic_targetting_value.py", line 181, in run_lin_heur_and_save_yaml
    dynModel = run_linearization_heuristic(simulation_params, experiment_params, start_day, trust_region_radius, max_inner_iterations_mult, initial_uhat, optimize_bouncing, targetActivities, targetGroups, targetTests)
  File "run_linearization_heuristic_targetting_value.py", line 323, in run_linearization_heuristic
    linearization.run_heuristic_linearization(dynModel, trust_region_radius, max_inner_iterations_mult, initial_uhat, optimize_bouncing, targetActivities, targetGroups, targetTests)
  File "/home/groups/daniancu/covid-optimization/covid-optimization/heuristics/linearization.py", line 1416, in run_heuristic_linearization
    with open("benchmarks/results/%s/%s"%(h,n)) as file:
FileNotFoundError: [Errno 2] No such file or directory: 'benchmarks/results/age_group_gradient/xi-1301966_icus-2900_testing-homogeneous_natests-0_nmtests-0_T-90_startday-0_groups-all_dschool-0.500000_eta-0.100000_freq-90-14.yaml'
srun: error: sh02-01n41: task 0: Exited with exit code 1
srun: launch/slurm: _step_signal: Terminating StepId=15381825.0
