300
(0.5, 0.29, 0.0, (7, 14), 'fitted-scaled', 'econ-scaled', 'oct21-scaled', 0.1, 260393210.0, 0.05, 2, 'age_group_gradient')
Traceback (most recent call last):
  File "run_linearization_heuristic_targetting_value.py", line 870, in <module>
    main()
  File "run_linearization_heuristic_targetting_value.py", line 142, in main
    run_lin_heur_and_save_yaml(delta, xi, icus, mtests, atests, n_days, region, test_freq, lockdown_freq, econ, init, eta, groups, start_day, trust_region_radius, max_inner_iterations_mult, initial_uhat, optimize_bouncing, scaling, money_scaling, targetActivities, targetGroups, targetTests)
  File "run_linearization_heuristic_targetting_value.py", line 181, in run_lin_heur_and_save_yaml
    dynModel = run_linearization_heuristic(simulation_params, experiment_params, start_day, trust_region_radius, max_inner_iterations_mult, initial_uhat, optimize_bouncing, targetActivities, targetGroups, targetTests)
  File "run_linearization_heuristic_targetting_value.py", line 311, in run_linearization_heuristic
    dynModel = DynamicalModel(universe_params, econ_params, experiment_params, initialization, simulation_params['dt'], num_time_periods, mixing_method, start_day, eta)
  File "/home/groups/daniancu/covid-optimization/covid-optimization/group.py", line 82, in __init__
    self.parameters['seir-groups'][ag]['parameters']['beta'] = self.parameters['seir-groups'][ag]['parameters']['beta'][self.start_day:self.start_day+self.time_steps]
KeyError: 'parameters'
srun: error: sh02-01n15: task 0: Exited with exit code 1
srun: launch/slurm: _step_signal: Terminating StepId=15369760.0
