100
(0.5, 0.29, 359.6647372096129, (7, 14), 'fitted-scaled', 'econ-scaled', 'oct21-scaled', 0.1, 18599515.0, 0.05, 2, 'age_group_gradient')
Total Population is: 1227.820999439713
The value of T is: 104
Traceback (most recent call last):
  File "run_linearization_heuristic_targetting_value.py", line 869, in <module>
    main()
  File "run_linearization_heuristic_targetting_value.py", line 141, in main
    run_lin_heur_and_save_yaml(delta, xi, icus, mtests, atests, n_days, region, test_freq, lockdown_freq, econ, init, eta, groups, start_day, trust_region_radius, max_inner_iterations_mult, initial_uhat, optimize_bouncing, scaling, money_scaling, targetActivities, targetGroups, targetTests)
  File "run_linearization_heuristic_targetting_value.py", line 180, in run_lin_heur_and_save_yaml
    dynModel = run_linearization_heuristic(simulation_params, experiment_params, start_day, trust_region_radius, max_inner_iterations_mult, initial_uhat, optimize_bouncing, targetActivities, targetGroups, targetTests)
  File "run_linearization_heuristic_targetting_value.py", line 322, in run_linearization_heuristic
    linearization.run_heuristic_linearization(dynModel, trust_region_radius, max_inner_iterations_mult, initial_uhat, optimize_bouncing, targetActivities, targetGroups, targetTests)
  File "/home/groups/daniancu/covid-optimization/covid-optimization/heuristics/linearization.py", line 1396, in run_heuristic_linearization
    with open("benchmarks/results/%s/%s"%(h,n)) as file:
FileNotFoundError: [Errno 2] No such file or directory: 'benchmarks/results/age_group_gradient/xi-1859951_icus-2900_testing-homogeneous_natests-0_nmtests-3596647_T-90_startday-0_groups-all_dschool-0.500000_eta-0.100000_freq-90-14.yaml'
srun: error: sh02-01n25: task 0: Exited with exit code 1
srun: launch/slurm: _step_signal: Terminating StepId=15091609.0
