300
(0.5, 0.29, 0.0, (7, 14), 'fitted-scaled', 'econ-scaled', 'oct21-scaled', 0.1, 29759224.0, 0.05, 2, 'age_group_gradient')
Traceback (most recent call last):
  File "run_linearization_heuristic_targetting_value.py", line 870, in <module>
    main()
  File "run_linearization_heuristic_targetting_value.py", line 142, in main
    run_lin_heur_and_save_yaml(delta, xi, icus, mtests, atests, n_days, region, test_freq, lockdown_freq, econ, init, eta, groups, start_day, trust_region_radius, max_inner_iterations_mult, initial_uhat, optimize_bouncing, scaling, money_scaling, targetActivities, targetGroups, targetTests)
  File "run_linearization_heuristic_targetting_value.py", line 181, in run_lin_heur_and_save_yaml
    dynModel = run_linearization_heuristic(simulation_params, experiment_params, start_day, trust_region_radius, max_inner_iterations_mult, initial_uhat, optimize_bouncing, targetActivities, targetGroups, targetTests)
  File "run_linearization_heuristic_targetting_value.py", line 287, in run_linearization_heuristic
    initialization = yaml.load(file, Loader=yaml.FullLoader)
  File "/home/users/xwarnes/.local/lib/python3.6/site-packages/yaml/__init__.py", line 112, in load
    loader = Loader(stream)
  File "/home/users/xwarnes/.local/lib/python3.6/site-packages/yaml/loader.py", line 24, in __init__
    Reader.__init__(self, stream)
  File "/home/users/xwarnes/.local/lib/python3.6/site-packages/yaml/reader.py", line 85, in __init__
    self.determine_encoding()
  File "/home/users/xwarnes/.local/lib/python3.6/site-packages/yaml/reader.py", line 135, in determine_encoding
    self.update(1)
  File "/home/users/xwarnes/.local/lib/python3.6/site-packages/yaml/reader.py", line 169, in update
    self.check_printable(data)
  File "/home/users/xwarnes/.local/lib/python3.6/site-packages/yaml/reader.py", line 144, in check_printable
    'unicode', "special characters are not allowed")
yaml.reader.ReaderError: unacceptable character #x0000: special characters are not allowed
  in "initialization/oct21-scaled.yaml", position 0
srun: error: sh02-01n31: task 0: Exited with exit code 1
srun: launch/slurm: _step_signal: Terminating StepId=15369573.0
