1080
(0.5, 9299757.5, 0.32, 0.0, (7, 14), 'fitted-scaled', 'econ-scaled', 'oct21-scaled', 0.2, 0.05, 2, 'dynamic_gradient')
Traceback (most recent call last):
  File "run_linearization_heuristic.py", line 844, in <module>
    main()
  File "run_linearization_heuristic.py", line 119, in main
    run_lin_heur_and_save_yaml(delta, xi, icus, mtests, atests, n_days, region, test_freq, lockdown_freq, econ, init, eta, groups, start_day, trust_region_radius, max_inner_iterations_mult, initial_uhat, optimize_bouncing, scaling, money_scaling)
  File "run_linearization_heuristic.py", line 158, in run_lin_heur_and_save_yaml
    dynModel = run_linearization_heuristic(simulation_params, experiment_params, start_day, trust_region_radius, max_inner_iterations_mult, initial_uhat, optimize_bouncing)
  File "run_linearization_heuristic.py", line 248, in run_linearization_heuristic
    universe_params = yaml.load(file, Loader=yaml.FullLoader)
  File "/home/users/xwarnes/.local/lib/python3.6/site-packages/yaml/__init__.py", line 114, in load
    return loader.get_single_data()
  File "/home/users/xwarnes/.local/lib/python3.6/site-packages/yaml/constructor.py", line 49, in get_single_data
    node = self.get_single_node()
  File "/home/users/xwarnes/.local/lib/python3.6/site-packages/yaml/composer.py", line 36, in get_single_node
    document = self.compose_document()
  File "/home/users/xwarnes/.local/lib/python3.6/site-packages/yaml/composer.py", line 55, in compose_document
    node = self.compose_node(None, None)
  File "/home/users/xwarnes/.local/lib/python3.6/site-packages/yaml/composer.py", line 84, in compose_node
    node = self.compose_mapping_node(anchor)
  File "/home/users/xwarnes/.local/lib/python3.6/site-packages/yaml/composer.py", line 133, in compose_mapping_node
    item_value = self.compose_node(node, item_key)
  File "/home/users/xwarnes/.local/lib/python3.6/site-packages/yaml/composer.py", line 84, in compose_node
    node = self.compose_mapping_node(anchor)
  File "/home/users/xwarnes/.local/lib/python3.6/site-packages/yaml/composer.py", line 133, in compose_mapping_node
    item_value = self.compose_node(node, item_key)
  File "/home/users/xwarnes/.local/lib/python3.6/site-packages/yaml/composer.py", line 84, in compose_node
    node = self.compose_mapping_node(anchor)
  File "/home/users/xwarnes/.local/lib/python3.6/site-packages/yaml/composer.py", line 133, in compose_mapping_node
    item_value = self.compose_node(node, item_key)
  File "/home/users/xwarnes/.local/lib/python3.6/site-packages/yaml/composer.py", line 84, in compose_node
    node = self.compose_mapping_node(anchor)
  File "/home/users/xwarnes/.local/lib/python3.6/site-packages/yaml/composer.py", line 133, in compose_mapping_node
    item_value = self.compose_node(node, item_key)
  File "/home/users/xwarnes/.local/lib/python3.6/site-packages/yaml/composer.py", line 84, in compose_node
    node = self.compose_mapping_node(anchor)
  File "/home/users/xwarnes/.local/lib/python3.6/site-packages/yaml/composer.py", line 127, in compose_mapping_node
    while not self.check_event(MappingEndEvent):
  File "/home/users/xwarnes/.local/lib/python3.6/site-packages/yaml/parser.py", line 98, in check_event
    self.current_event = self.state()
  File "/home/users/xwarnes/.local/lib/python3.6/site-packages/yaml/parser.py", line 428, in parse_block_mapping_key
    if self.check_token(KeyToken):
  File "/home/users/xwarnes/.local/lib/python3.6/site-packages/yaml/scanner.py", line 116, in check_token
    self.fetch_more_tokens()
  File "/home/users/xwarnes/.local/lib/python3.6/site-packages/yaml/scanner.py", line 173, in fetch_more_tokens
    return self.fetch_stream_end()
  File "/home/users/xwarnes/.local/lib/python3.6/site-packages/yaml/scanner.py", line 377, in fetch_stream_end
    self.remove_possible_simple_key()
  File "/home/users/xwarnes/.local/lib/python3.6/site-packages/yaml/scanner.py", line 319, in remove_possible_simple_key
    "could not find expected ':'", self.get_mark())
yaml.scanner.ScannerError: while scanning a simple key
  in "parameters/fitted-scaled.yaml", line 3037, column 9
could not find expected ':'
  in "parameters/fitted-scaled.yaml", line 3037, column 17
srun: error: sh02-01n36: task 0: Exited with exit code 1
srun: Terminating job step 12754582.0
