(0.5, 0, 0.3, 3.0, (1, 1), 'fitted-scaled', 'econ-scaled', '60days-scaled', 0.1, 0.1, 2)
Traceback (most recent call last):
  File "test_linearization_heuristic_metaParam.py", line 279, in <module>
    main()
  File "test_linearization_heuristic_metaParam.py", line 95, in main
    run_lin_heur_and_save_output(delta, xi, icus, tests, n_days, region, test_freq, lockdown_freq, econ, init, eta, groups, start_day, trust_region_radius, max_inner_iterations_mult)
  File "test_linearization_heuristic_metaParam.py", line 127, in run_lin_heur_and_save_output
    total_reward, total_running_time = run_linearization_heuristic(simulation_params_linearization, experiment_params, start_day, trust_region_radius, max_inner_iterations_mult)
  File "test_linearization_heuristic_metaParam.py", line 149, in run_linearization_heuristic
    universe_params = yaml.load(file, Loader=yaml.FullLoader)
  File "/home/users/xwarnes/.local/lib/python3.6/site-packages/yaml/__init__.py", line 114, in load
    return loader.get_single_data()
  File "/home/users/xwarnes/.local/lib/python3.6/site-packages/yaml/constructor.py", line 49, in get_single_data
    node = self.get_single_node()
  File "/home/users/xwarnes/.local/lib/python3.6/site-packages/yaml/composer.py", line 36, in get_single_node
    document = self.compose_document()
  File "/home/users/xwarnes/.local/lib/python3.6/site-packages/yaml/composer.py", line 55, in compose_document
    node = self.compose_node(None, None)
  File "/home/users/xwarnes/.local/lib/python3.6/site-packages/yaml/composer.py", line 84, in compose_node
    node = self.compose_mapping_node(anchor)
  File "/home/users/xwarnes/.local/lib/python3.6/site-packages/yaml/composer.py", line 133, in compose_mapping_node
    item_value = self.compose_node(node, item_key)
  File "/home/users/xwarnes/.local/lib/python3.6/site-packages/yaml/composer.py", line 84, in compose_node
    node = self.compose_mapping_node(anchor)
  File "/home/users/xwarnes/.local/lib/python3.6/site-packages/yaml/composer.py", line 133, in compose_mapping_node
    item_value = self.compose_node(node, item_key)
  File "/home/users/xwarnes/.local/lib/python3.6/site-packages/yaml/composer.py", line 84, in compose_node
    node = self.compose_mapping_node(anchor)
  File "/home/users/xwarnes/.local/lib/python3.6/site-packages/yaml/composer.py", line 127, in compose_mapping_node
    while not self.check_event(MappingEndEvent):
  File "/home/users/xwarnes/.local/lib/python3.6/site-packages/yaml/parser.py", line 98, in check_event
    self.current_event = self.state()
  File "/home/users/xwarnes/.local/lib/python3.6/site-packages/yaml/parser.py", line 428, in parse_block_mapping_key
    if self.check_token(KeyToken):
  File "/home/users/xwarnes/.local/lib/python3.6/site-packages/yaml/scanner.py", line 116, in check_token
    self.fetch_more_tokens()
  File "/home/users/xwarnes/.local/lib/python3.6/site-packages/yaml/scanner.py", line 173, in fetch_more_tokens
    return self.fetch_stream_end()
  File "/home/users/xwarnes/.local/lib/python3.6/site-packages/yaml/scanner.py", line 377, in fetch_stream_end
    self.remove_possible_simple_key()
  File "/home/users/xwarnes/.local/lib/python3.6/site-packages/yaml/scanner.py", line 319, in remove_possible_simple_key
    "could not find expected ':'", self.get_mark())
yaml.scanner.ScannerError: while scanning a simple key
  in "parameters/fitted-scaled.yaml", line 2512, column 5
could not find expected ':'
  in "parameters/fitted-scaled.yaml", line 2512, column 12
srun: error: yen10: task 0: Exited with exit code 1
srun: Terminating job step 2312.0
